# JRE version: OpenJDK Runtime Environment (11.0.7+10) (build 11.0.7+10-LTS)
# Java VM: OpenJDK 64-Bit Server VM (11.0.7+10-LTS, mixed mode, sharing, tiered, compressed oops, g1 gc, linux-amd64)
Heap:
 garbage-first heap   total 135168K, used 109149K [0x00000000e0000000, 0x0000000100000000)
  region size 1024K, 39 young (39936K), 1 survivors (1024K)
 Metaspace       used 116052K, capacity 126800K, committed 127120K, reserved 364544K
  class space    used 14949K, capacity 18411K, committed 18432K, reserved 253952K
GC Heap History (20 events):
Event: 6.902 GC heap before
{Heap before GC invocations=22 (full 0):
 garbage-first heap   total 135168K, used 101342K [0x00000000e0000000, 0x0000000100000000)
  region size 1024K, 51 young (52224K), 6 survivors (6144K)
 Metaspace       used 88625K, capacity 97090K, committed 97408K, reserved 337920K
  class space    used 11589K, capacity 14438K, committed 14464K, reserved 253952K
}
Event: 6.910 GC heap after
{Heap after GC invocations=23 (full 0):
 garbage-first heap   total 135168K, used 59958K [0x00000000e0000000, 0x0000000100000000)
  region size 1024K, 7 young (7168K), 7 survivors (7168K)
 Metaspace       used 88625K, capacity 97090K, committed 97408K, reserved 337920K
  class space    used 11589K, capacity 14438K, committed 14464K, reserved 253952K
}
Event: 7.406 GC heap before
{Heap before GC invocations=23 (full 0):
 garbage-first heap   total 135168K, used 98870K [0x00000000e0000000, 0x0000000100000000)
  region size 1024K, 47 young (48128K), 7 survivors (7168K)
 Metaspace       used 96332K, capacity 105774K, committed 105984K, reserved 344064K
  class space    used 12576K, capacity 15752K, committed 15872K, reserved 253952K
}
Event: 7.417 GC heap after
{Heap after GC invocations=24 (full 0):
 garbage-first heap   total 135168K, used 63530K [0x00000000e0000000, 0x0000000100000000)
  region size 1024K, 7 young (7168K), 7 survivors (7168K)
 Metaspace       used 96332K, capacity 105774K, committed 105984K, reserved 344064K
  class space    used 12576K, capacity 15752K, committed 15872K, reserved 253952K
}
Event: 7.982 GC heap before
{Heap before GC invocations=25 (full 0):
 garbage-first heap   total 135168K, used 104490K [0x00000000e0000000, 0x0000000100000000)
  region size 1024K, 48 young (49152K), 7 survivors (7168K)
 Metaspace       used 103823K, capacity 114206K, committed 114320K, reserved 352256K
  class space    used 13674K, capacity 17109K, committed 17152K, reserved 253952K
}
Event: 7.993 GC heap after
{Heap after GC invocations=26 (full 0):
 garbage-first heap   total 135168K, used 66953K [0x00000000e0000000, 0x0000000100000000)
  region size 1024K, 4 young (4096K), 4 survivors (4096K)
 Metaspace       used 103823K, capacity 114206K, committed 114320K, reserved 352256K
  class space    used 13674K, capacity 17109K, committed 17152K, reserved 253952K
}
Event: 8.013 GC heap before
{Heap before GC invocations=26 (full 0):
 garbage-first heap   total 135168K, used 67977K [0x00000000e0000000, 0x0000000100000000)
  region size 1024K, 6 young (6144K), 4 survivors (4096K)
 Metaspace       used 104402K, capacity 114814K, committed 114960K, reserved 352256K
  class space    used 13765K, capacity 17205K, committed 17280K, reserved 253952K
}
Event: 8.020 GC heap after
{Heap after GC invocations=27 (full 0):
 garbage-first heap   total 135168K, used 66434K [0x00000000e0000000, 0x0000000100000000)
  region size 1024K, 1 young (1024K), 1 survivors (1024K)
 Metaspace       used 104402K, capacity 114814K, committed 114960K, reserved 352256K
  class space    used 13765K, capacity 17205K, committed 17280K, reserved 253952K
}
Event: 8.490 GC heap before
{Heap before GC invocations=27 (full 0):
 garbage-first heap   total 135168K, used 107394K [0x00000000e0000000, 0x0000000100000000)
  region size 1024K, 41 young (41984K), 1 survivors (1024K)
 Metaspace       used 112628K, capacity 123209K, committed 123408K, reserved 360448K
  class space    used 14729K, capacity 18215K, committed 18304K, reserved 253952K
}
Event: 8.496 GC heap after
{Heap after GC invocations=28 (full 0):
 garbage-first heap   total 135168K, used 67998K [0x00000000e0000000, 0x0000000100000000)
  region size 1024K, 2 young (2048K), 2 survivors (2048K)
 Metaspace       used 112628K, capacity 123209K, committed 123408K, reserved 360448K
  class space    used 14729K, capacity 18215K, committed 18304K, reserved 253952K
}
Event: 8.696 GC heap before
{Heap before GC invocations=29 (full 0):
 garbage-first heap   total 135168K, used 108958K [0x00000000e0000000, 0x0000000100000000)
  region size 1024K, 42 young (43008K), 2 survivors (2048K)
 Metaspace       used 112985K, capacity 123585K, committed 124176K, reserved 360448K
  class space    used 14688K, capacity 18137K, committed 18304K, reserved 253952K
}
Event: 8.701 GC heap after
{Heap after GC invocations=30 (full 0):
 garbage-first heap   total 135168K, used 68665K [0x00000000e0000000, 0x0000000100000000)
  region size 1024K, 3 young (3072K), 3 survivors (3072K)
 Metaspace       used 112985K, capacity 123585K, committed 124176K, reserved 360448K
  class space    used 14688K, capacity 18137K, committed 18304K, reserved 253952K
}
Event: 8.718 GC heap before
{Heap before GC invocations=30 (full 0):
 garbage-first heap   total 135168K, used 71737K [0x00000000e0000000, 0x0000000100000000)
  region size 1024K, 6 young (6144K), 3 survivors (3072K)
 Metaspace       used 113017K, capacity 123622K, committed 124176K, reserved 360448K
  class space    used 14691K, capacity 18143K, committed 18304K, reserved 253952K
}
Event: 8.723 GC heap after
{Heap after GC invocations=31 (full 0):
 garbage-first heap   total 135168K, used 67863K [0x00000000e0000000, 0x0000000100000000)
  region size 1024K, 1 young (1024K), 1 survivors (1024K)
 Metaspace       used 113017K, capacity 123622K, committed 124176K, reserved 360448K
  class space    used 14691K, capacity 18143K, committed 18304K, reserved 253952K
}
Event: 8.937 GC heap before
{Heap before GC invocations=31 (full 0):
 garbage-first heap   total 135168K, used 110871K [0x00000000e0000000, 0x0000000100000000)
  region size 1024K, 41 young (41984K), 1 survivors (1024K)
 Metaspace       used 114863K, capacity 125556K, committed 125840K, reserved 362496K
  class space    used 14898K, capacity 18369K, committed 18432K, reserved 253952K
}
Event: 8.941 GC heap after
{Heap after GC invocations=32 (full 0):
 garbage-first heap   total 135168K, used 70697K [0x00000000e0000000, 0x0000000100000000)
  region size 1024K, 1 young (1024K), 1 survivors (1024K)
 Metaspace       used 114863K, capacity 125556K, committed 125840K, reserved 362496K
  class space    used 14898K, capacity 18369K, committed 18432K, reserved 253952K
}
Event: 9.244 GC heap before
{Heap before GC invocations=33 (full 0):
 garbage-first heap   total 135168K, used 111657K [0x00000000e0000000, 0x0000000100000000)
  region size 1024K, 41 young (41984K), 1 survivors (1024K)
 Metaspace       used 115813K, capacity 126514K, committed 126864K, reserved 362496K
  class space    used 14945K, capacity 18406K, committed 18432K, reserved 253952K
}
Event: 9.247 GC heap after
{Heap after GC invocations=34 (full 0):
 garbage-first heap   total 135168K, used 71567K [0x00000000e0000000, 0x0000000100000000)
  region size 1024K, 2 young (2048K), 2 survivors (2048K)
 Metaspace       used 115813K, capacity 126514K, committed 126864K, reserved 362496K
  class space    used 14945K, capacity 18406K, committed 18432K, reserved 253952K
}
Event: 9.263 GC heap before
{Heap before GC invocations=34 (full 0):
 garbage-first heap   total 135168K, used 75663K [0x00000000e0000000, 0x0000000100000000)
  region size 1024K, 6 young (6144K), 2 survivors (2048K)
 Metaspace       used 115836K, capacity 126520K, committed 126864K, reserved 362496K
  class space    used 14945K, capacity 18407K, committed 18432K, reserved 253952K
}
Event: 9.268 GC heap after
{Heap after GC invocations=35 (full 0):
 garbage-first heap   total 135168K, used 71261K [0x00000000e0000000, 0x0000000100000000)
  region size 1024K, 1 young (1024K), 1 survivors (1024K)
 Metaspace       used 115836K, capacity 126520K, committed 126864K, reserved 362496K
  class space    used 14945K, capacity 18407K, committed 18432K, reserved 253952K
}

